<?xml version="1.0" encoding="UTF-8"?>
<testng-results skipped="0" failed="0" ignored="0" total="1" passed="1">
  <reporter-output>
  </reporter-output>
  <suite name="Default suite" duration-ms="2938" started-at="2022-03-21T01:00:47 EDT" finished-at="2022-03-21T01:00:50 EDT">
    <groups>
    </groups>
    <test name="Default test" duration-ms="2938" started-at="2022-03-21T01:00:47 EDT" finished-at="2022-03-21T01:00:50 EDT">
      <class name="tests.JSONSchemaValidator">
        <test-method status="PASS" signature="jsonSchemaValidator1()[pri:0, instance:tests.JSONSchemaValidator@26a7b76d]" name="jsonSchemaValidator1" duration-ms="2893" started-at="2022-03-21T01:00:47 EDT" finished-at="2022-03-21T01:00:50 EDT">
          <reporter-output>
          </reporter-output>
        </test-method> <!-- jsonSchemaValidator1 -->
      </class> <!-- tests.JSONSchemaValidator -->
    </test> <!-- Default test -->
  </suite> <!-- Default suite -->
</testng-results>
